Config: hpc_filter_18hz.json
Starting at: Sat 06 Dec 2025 07:54:26 AM IST
environment: line 38: /usr/bin/tclsh8.6: No such file or directory
environment: line 38: /usr/bin/tclsh8.6: No such file or directory
Python: /home/zina.assi/miniconda3/envs/imugr/bin/python
Conda env: imugr
Loading dataset...
Applying low-pass filter to sensor data...
Filter settings: Cutoff=18Hz, Order=5, Sampling=200Hz
Filtering training data...
Filtering test data...
Low-pass filtering complete.
Removing irrelevant data...
Concatenating samples...
Normalizaing inputs...
Total samples for train: 1128925.
Total samples for test: 119418.
Started training...
Epoch: 1, Loss: 0.755, Test Loss: 0.506, Accuracy: 0.812, Recall: 0.503, Precision: 0.857.
Epoch: 2, Loss: 0.260, Test Loss: 0.329, Accuracy: 0.880, Recall: 0.694, Precision: 0.916.
Epoch: 3, Loss: 0.184, Test Loss: 0.294, Accuracy: 0.899, Recall: 0.748, Precision: 0.942.
